This file contains any messages produced by compilers while
running configure, to aid debugging if configure makes a mistake.

It was created by fdupes configure 2.1.2, which was
generated by GNU Autoconf 2.69.  Invocation command line was

  $ ./configure 

## --------- ##
## Platform. ##
## --------- ##

hostname = denis-Satellite-L850-CJK
uname -m = x86_64
uname -r = 5.11.0-43-generic
uname -s = Linux
uname -v = #47~20.04.2-Ubuntu SMP Mon Dec 13 11:06:56 UTC 2021

/usr/bin/uname -p = x86_64
/bin/uname -X     = unknown

/bin/arch              = x86_64
/usr/bin/arch -k       = unknown
/usr/convex/getsysinfo = unknown
/usr/bin/hostinfo      = unknown
/bin/machine           = unknown
/usr/bin/oslevel       = unknown
/bin/universe          = unknown

PATH: /home/denis/anaconda3/bin
PATH: /usr/local/sbin
PATH: /usr/local/bin
PATH: /usr/sbin
PATH: /usr/bin
PATH: /sbin
PATH: /bin
PATH: /usr/games
PATH: /usr/local/games
PATH: /snap/bin


## ----------- ##
## Core tests. ##
## ----------- ##

configure:2149: checking for a BSD-compatible install
configure:2217: result: /usr/bin/install -c
configure:2228: checking whether build environment is sane
configure:2283: result: yes
configure:2432: checking for a thread-safe mkdir -p
configure:2471: result: /usr/bin/mkdir -p
configure:2478: checking for gawk
configure:2508: result: no
configure:2478: checking for mawk
configure:2494: found /usr/bin/mawk
configure:2505: result: mawk
configure:2516: checking whether make sets $(MAKE)
configure:2538: result: yes
configure:2567: checking whether make supports nested variables
configure:2584: result: yes
configure:2770: checking for pkg-config
configure:2788: found /usr/bin/pkg-config
configure:2800: result: /usr/bin/pkg-config
configure:2825: checking pkg-config is at least version 0.9.0
configure:2828: result: yes
configure:2856: checking for style of include used by make
configure:2884: result: GNU
configure:2955: checking for gcc
configure:2971: found /usr/bin/gcc
configure:2982: result: gcc
configure:3211: checking for C compiler version
configure:3220: gcc --version >&5
gcc (Ubuntu 9.3.0-17ubuntu1~20.04) 9.3.0
Copyright (C) 2019 Free Software Foundation, Inc.
This is free software; see the source for copying conditions.  There is NO
warranty; not even for MERCHANTABILITY or FITNESS FOR A PARTICULAR PURPOSE.

configure:3231: $? = 0
configure:3220: gcc -v >&5
Using built-in specs.
COLLECT_GCC=gcc
COLLECT_LTO_WRAPPER=/usr/lib/gcc/x86_64-linux-gnu/9/lto-wrapper
OFFLOAD_TARGET_NAMES=nvptx-none:hsa
OFFLOAD_TARGET_DEFAULT=1
Target: x86_64-linux-gnu
Configured with: ../src/configure -v --with-pkgversion='Ubuntu 9.3.0-17ubuntu1~20.04' --with-bugurl=file:///usr/share/doc/gcc-9/README.Bugs --enable-languages=c,ada,c++,go,brig,d,fortran,objc,obj-c++,gm2 --prefix=/usr --with-gcc-major-version-only --program-suffix=-9 --program-prefix=x86_64-linux-gnu- --enable-shared --enable-linker-build-id --libexecdir=/usr/lib --without-included-gettext --enable-threads=posix --libdir=/usr/lib --enable-nls --enable-clocale=gnu --enable-libstdcxx-debug --enable-libstdcxx-time=yes --with-default-libstdcxx-abi=new --enable-gnu-unique-object --disable-vtable-verify --enable-plugin --enable-default-pie --with-system-zlib --with-target-system-zlib=auto --enable-objc-gc=auto --enable-multiarch --disable-werror --with-arch-32=i686 --with-abi=m64 --with-multilib-list=m32,m64,mx32 --enable-multilib --with-tune=generic --enable-offload-targets=nvptx-none=/build/gcc-9-HskZEa/gcc-9-9.3.0/debian/tmp-nvptx/usr,hsa --without-cuda-driver --enable-checking=release --build=x86_64-linux-gnu --host=x86_64-linux-gnu --target=x86_64-linux-gnu
Thread model: posix
gcc version 9.3.0 (Ubuntu 9.3.0-17ubuntu1~20.04) 
configure:3231: $? = 0
configure:3220: gcc -V >&5
gcc: error: unrecognized command line option '-V'
gcc: fatal error: no input files
compilation terminated.
configure:3231: $? = 1
configure:3220: gcc -qversion >&5
gcc: error: unrecognized command line option '-qversion'; did you mean '--version'?
gcc: fatal error: no input files
compilation terminated.
configure:3231: $? = 1
configure:3251: checking whether the C compiler works
configure:3273: gcc    conftest.c  >&5
configure:3277: $? = 0
configure:3325: result: yes
configure:3328: checking for C compiler default output file name
configure:3330: result: a.out
configure:3336: checking for suffix of executables
configure:3343: gcc -o conftest    conftest.c  >&5
configure:3347: $? = 0
configure:3369: result: 
configure:3391: checking whether we are cross compiling
configure:3399: gcc -o conftest    conftest.c  >&5
configure:3403: $? = 0
configure:3410: ./conftest
configure:3414: $? = 0
configure:3402: result: no
configure:3407: checking for suffix of object files
configure:3429: gcc -c   conftest.c >&5
configure:3433: $? = 0
configure:3454: result: o
configure:3458: checking whether we are using the GNU C compiler
configure:3477: gcc -c   conftest.c >&5
configure:3477: $? = 0
configure:3486: result: yes
configure:3495: checking whether gcc accepts -g
configure:3515: gcc -c -g  conftest.c >&5
configure:3515: $? = 0
configure:3556: result: yes
configure:3573: checking for gcc option to accept ISO C89
configure:3636: gcc  -c -g -O2  conftest.c >&5
configure:3636: $? = 0
configure:3649: result: none needed
configure:3674: checking whether gcc understands -c and -o together
configure:3696: gcc -c conftest.c -o conftest2.o
configure:3699: $? = 0
configure:3696: gcc -c conftest.c -o conftest2.o
configure:3699: $? = 0
configure:3711: result: yes
configure:3730: checking dependency style of gcc
configure:3841: result: gcc3
configure:3862: checking how to run the C preprocessor
configure:3893: gcc -E  conftest.c
configure:3893: $? = 0
configure:3907: gcc -E  conftest.c
conftest.c:11:10: fatal error: ac_nonexistent.h: No such file or directory
   11 | #include <ac_nonexistent.h>
      |          ^~~~~~~~~~~~~~~~~~
compilation terminated.
configure:3907: $? = 1
configure: failed program was:
| /* confdefs.h */
| #define PACKAGE_NAME "fdupes"
| #define PACKAGE_TARNAME "fdupes"
| #define PACKAGE_VERSION "2.1.2"
| #define PACKAGE_STRING "fdupes 2.1.2"
| #define PACKAGE_BUGREPORT ""
| #define PACKAGE_URL ""
| #define PACKAGE "fdupes"
| #define VERSION "2.1.2"
| /* end confdefs.h.  */
| #include <ac_nonexistent.h>
configure:3932: result: gcc -E
configure:3952: gcc -E  conftest.c
configure:3952: $? = 0
configure:3966: gcc -E  conftest.c
conftest.c:11:10: fatal error: ac_nonexistent.h: No such file or directory
   11 | #include <ac_nonexistent.h>
      |          ^~~~~~~~~~~~~~~~~~
compilation terminated.
configure:3966: $? = 1
configure: failed program was:
| /* confdefs.h */
| #define PACKAGE_NAME "fdupes"
| #define PACKAGE_TARNAME "fdupes"
| #define PACKAGE_VERSION "2.1.2"
| #define PACKAGE_STRING "fdupes 2.1.2"
| #define PACKAGE_BUGREPORT ""
| #define PACKAGE_URL ""
| #define PACKAGE "fdupes"
| #define VERSION "2.1.2"
| /* end confdefs.h.  */
| #include <ac_nonexistent.h>
configure:3995: checking for grep that handles long lines and -e
configure:4053: result: /usr/bin/grep
configure:4058: checking for egrep
configure:4120: result: /usr/bin/grep -E
configure:4125: checking for ANSI C header files
configure:4145: gcc -c -g -O2  conftest.c >&5
configure:4145: $? = 0
configure:4218: gcc -o conftest -g -O2   conftest.c  >&5
configure:4218: $? = 0
configure:4218: ./conftest
configure:4218: $? = 0
configure:4229: result: yes
configure:4242: checking for sys/types.h
configure:4242: gcc -c -g -O2  conftest.c >&5
configure:4242: $? = 0
configure:4242: result: yes
configure:4242: checking for sys/stat.h
configure:4242: gcc -c -g -O2  conftest.c >&5
configure:4242: $? = 0
configure:4242: result: yes
configure:4242: checking for stdlib.h
configure:4242: gcc -c -g -O2  conftest.c >&5
configure:4242: $? = 0
configure:4242: result: yes
configure:4242: checking for string.h
configure:4242: gcc -c -g -O2  conftest.c >&5
configure:4242: $? = 0
configure:4242: result: yes
configure:4242: checking for memory.h
configure:4242: gcc -c -g -O2  conftest.c >&5
configure:4242: $? = 0
configure:4242: result: yes
configure:4242: checking for strings.h
configure:4242: gcc -c -g -O2  conftest.c >&5
configure:4242: $? = 0
configure:4242: result: yes
configure:4242: checking for inttypes.h
configure:4242: gcc -c -g -O2  conftest.c >&5
configure:4242: $? = 0
configure:4242: result: yes
configure:4242: checking for stdint.h
configure:4242: gcc -c -g -O2  conftest.c >&5
configure:4242: $? = 0
configure:4242: result: yes
configure:4242: checking for unistd.h
configure:4242: gcc -c -g -O2  conftest.c >&5
configure:4242: $? = 0
configure:4242: result: yes
configure:4257: checking getopt.h usability
configure:4257: gcc -c -g -O2  conftest.c >&5
configure:4257: $? = 0
configure:4257: result: yes
configure:4257: checking getopt.h presence
configure:4257: gcc -E  conftest.c
configure:4257: $? = 0
configure:4257: result: yes
configure:4257: checking for getopt.h
configure:4257: result: yes
configure:4257: checking ncursesw/curses.h usability
configure:4257: gcc -c -g -O2  conftest.c >&5
conftest.c:55:10: fatal error: ncursesw/curses.h: No such file or directory
   55 | #include <ncursesw/curses.h>
      |          ^~~~~~~~~~~~~~~~~~~
compilation terminated.
configure:4257: $? = 1
configure: failed program was:
| /* confdefs.h */
| #define PACKAGE_NAME "fdupes"
| #define PACKAGE_TARNAME "fdupes"
| #define PACKAGE_VERSION "2.1.2"
| #define PACKAGE_STRING "fdupes 2.1.2"
| #define PACKAGE_BUGREPORT ""
| #define PACKAGE_URL ""
| #define PACKAGE "fdupes"
| #define VERSION "2.1.2"
| #define STDC_HEADERS 1
| #define HAVE_SYS_TYPES_H 1
| #define HAVE_SYS_STAT_H 1
| #define HAVE_STDLIB_H 1
| #define HAVE_STRING_H 1
| #define HAVE_MEMORY_H 1
| #define HAVE_STRINGS_H 1
| #define HAVE_INTTYPES_H 1
| #define HAVE_STDINT_H 1
| #define HAVE_UNISTD_H 1
| #define HAVE_GETOPT_H 1
| /* end confdefs.h.  */
| #include <stdio.h>
| #ifdef HAVE_SYS_TYPES_H
| # include <sys/types.h>
| #endif
| #ifdef HAVE_SYS_STAT_H
| # include <sys/stat.h>
| #endif
| #ifdef STDC_HEADERS
| # include <stdlib.h>
| # include <stddef.h>
| #else
| # ifdef HAVE_STDLIB_H
| #  include <stdlib.h>
| # endif
| #endif
| #ifdef HAVE_STRING_H
| # if !defined STDC_HEADERS && defined HAVE_MEMORY_H
| #  include <memory.h>
| # endif
| # include <string.h>
| #endif
| #ifdef HAVE_STRINGS_H
| # include <strings.h>
| #endif
| #ifdef HAVE_INTTYPES_H
| # include <inttypes.h>
| #endif
| #ifdef HAVE_STDINT_H
| # include <stdint.h>
| #endif
| #ifdef HAVE_UNISTD_H
| # include <unistd.h>
| #endif
| #include <ncursesw/curses.h>
configure:4257: result: no
configure:4257: checking ncursesw/curses.h presence
configure:4257: gcc -E  conftest.c
conftest.c:22:10: fatal error: ncursesw/curses.h: No such file or directory
   22 | #include <ncursesw/curses.h>
      |          ^~~~~~~~~~~~~~~~~~~
compilation terminated.
configure:4257: $? = 1
configure: failed program was:
| /* confdefs.h */
| #define PACKAGE_NAME "fdupes"
| #define PACKAGE_TARNAME "fdupes"
| #define PACKAGE_VERSION "2.1.2"
| #define PACKAGE_STRING "fdupes 2.1.2"
| #define PACKAGE_BUGREPORT ""
| #define PACKAGE_URL ""
| #define PACKAGE "fdupes"
| #define VERSION "2.1.2"
| #define STDC_HEADERS 1
| #define HAVE_SYS_TYPES_H 1
| #define HAVE_SYS_STAT_H 1
| #define HAVE_STDLIB_H 1
| #define HAVE_STRING_H 1
| #define HAVE_MEMORY_H 1
| #define HAVE_STRINGS_H 1
| #define HAVE_INTTYPES_H 1
| #define HAVE_STDINT_H 1
| #define HAVE_UNISTD_H 1
| #define HAVE_GETOPT_H 1
| /* end confdefs.h.  */
| #include <ncursesw/curses.h>
configure:4257: result: no
configure:4257: checking for ncursesw/curses.h
configure:4257: result: no
configure:4271: checking for NCURSES
configure:4278: $PKG_CONFIG --exists --print-errors "ncursesw"
Package ncursesw was not found in the pkg-config search path.
Perhaps you should add the directory containing `ncursesw.pc'
to the PKG_CONFIG_PATH environment variable
No package 'ncursesw' found
configure:4281: $? = 1
configure:4295: $PKG_CONFIG --exists --print-errors "ncursesw"
Package ncursesw was not found in the pkg-config search path.
Perhaps you should add the directory containing `ncursesw.pc'
to the PKG_CONFIG_PATH environment variable
No package 'ncursesw' found
configure:4298: $? = 1
configure:4312: result: no
No package 'ncursesw' found
configure:4328: checking for library containing wget_wch
configure:4359: gcc -o conftest -g -O2   conftest.c  >&5
/usr/bin/ld: /tmp/cc44ec2e.o: in function `main':
/home/denis/.clean/fdupes-2.1.2/conftest.c:33: undefined reference to `wget_wch'
collect2: error: ld returned 1 exit status
configure:4359: $? = 1
configure: failed program was:
| /* confdefs.h */
| #define PACKAGE_NAME "fdupes"
| #define PACKAGE_TARNAME "fdupes"
| #define PACKAGE_VERSION "2.1.2"
| #define PACKAGE_STRING "fdupes 2.1.2"
| #define PACKAGE_BUGREPORT ""
| #define PACKAGE_URL ""
| #define PACKAGE "fdupes"
| #define VERSION "2.1.2"
| #define STDC_HEADERS 1
| #define HAVE_SYS_TYPES_H 1
| #define HAVE_SYS_STAT_H 1
| #define HAVE_STDLIB_H 1
| #define HAVE_STRING_H 1
| #define HAVE_MEMORY_H 1
| #define HAVE_STRINGS_H 1
| #define HAVE_INTTYPES_H 1
| #define HAVE_STDINT_H 1
| #define HAVE_UNISTD_H 1
| #define HAVE_GETOPT_H 1
| /* end confdefs.h.  */
| 
| /* Override any GCC internal prototype to avoid an error.
|    Use char because int might match the return type of a GCC
|    builtin and then its argument prototype would still apply.  */
| #ifdef __cplusplus
| extern "C"
| #endif
| char wget_wch ();
| int
| main ()
| {
| return wget_wch ();
|   ;
|   return 0;
| }
configure:4359: gcc -o conftest -g -O2   conftest.c -lncursesw   >&5
/usr/bin/ld: cannot find -lncursesw
collect2: error: ld returned 1 exit status
configure:4359: $? = 1
configure: failed program was:
| /* confdefs.h */
| #define PACKAGE_NAME "fdupes"
| #define PACKAGE_TARNAME "fdupes"
| #define PACKAGE_VERSION "2.1.2"
| #define PACKAGE_STRING "fdupes 2.1.2"
| #define PACKAGE_BUGREPORT ""
| #define PACKAGE_URL ""
| #define PACKAGE "fdupes"
| #define VERSION "2.1.2"
| #define STDC_HEADERS 1
| #define HAVE_SYS_TYPES_H 1
| #define HAVE_SYS_STAT_H 1
| #define HAVE_STDLIB_H 1
| #define HAVE_STRING_H 1
| #define HAVE_MEMORY_H 1
| #define HAVE_STRINGS_H 1
| #define HAVE_INTTYPES_H 1
| #define HAVE_STDINT_H 1
| #define HAVE_UNISTD_H 1
| #define HAVE_GETOPT_H 1
| /* end confdefs.h.  */
| 
| /* Override any GCC internal prototype to avoid an error.
|    Use char because int might match the return type of a GCC
|    builtin and then its argument prototype would still apply.  */
| #ifdef __cplusplus
| extern "C"
| #endif
| char wget_wch ();
| int
| main ()
| {
| return wget_wch ();
|   ;
|   return 0;
| }
configure:4359: gcc -o conftest -g -O2   conftest.c -lncurses   >&5
/usr/bin/ld: cannot find -lncurses
collect2: error: ld returned 1 exit status
configure:4359: $? = 1
configure: failed program was:
| /* confdefs.h */
| #define PACKAGE_NAME "fdupes"
| #define PACKAGE_TARNAME "fdupes"
| #define PACKAGE_VERSION "2.1.2"
| #define PACKAGE_STRING "fdupes 2.1.2"
| #define PACKAGE_BUGREPORT ""
| #define PACKAGE_URL ""
| #define PACKAGE "fdupes"
| #define VERSION "2.1.2"
| #define STDC_HEADERS 1
| #define HAVE_SYS_TYPES_H 1
| #define HAVE_SYS_STAT_H 1
| #define HAVE_STDLIB_H 1
| #define HAVE_STRING_H 1
| #define HAVE_MEMORY_H 1
| #define HAVE_STRINGS_H 1
| #define HAVE_INTTYPES_H 1
| #define HAVE_STDINT_H 1
| #define HAVE_UNISTD_H 1
| #define HAVE_GETOPT_H 1
| /* end confdefs.h.  */
| 
| /* Override any GCC internal prototype to avoid an error.
|    Use char because int might match the return type of a GCC
|    builtin and then its argument prototype would still apply.  */
| #ifdef __cplusplus
| extern "C"
| #endif
| char wget_wch ();
| int
| main ()
| {
| return wget_wch ();
|   ;
|   return 0;
| }
configure:4359: gcc -o conftest -g -O2   conftest.c -lcurses   >&5
/usr/bin/ld: cannot find -lcurses
collect2: error: ld returned 1 exit status
configure:4359: $? = 1
configure: failed program was:
| /* confdefs.h */
| #define PACKAGE_NAME "fdupes"
| #define PACKAGE_TARNAME "fdupes"
| #define PACKAGE_VERSION "2.1.2"
| #define PACKAGE_STRING "fdupes 2.1.2"
| #define PACKAGE_BUGREPORT ""
| #define PACKAGE_URL ""
| #define PACKAGE "fdupes"
| #define VERSION "2.1.2"
| #define STDC_HEADERS 1
| #define HAVE_SYS_TYPES_H 1
| #define HAVE_SYS_STAT_H 1
| #define HAVE_STDLIB_H 1
| #define HAVE_STRING_H 1
| #define HAVE_MEMORY_H 1
| #define HAVE_STRINGS_H 1
| #define HAVE_INTTYPES_H 1
| #define HAVE_STDINT_H 1
| #define HAVE_UNISTD_H 1
| #define HAVE_GETOPT_H 1
| /* end confdefs.h.  */
| 
| /* Override any GCC internal prototype to avoid an error.
|    Use char because int might match the return type of a GCC
|    builtin and then its argument prototype would still apply.  */
| #ifdef __cplusplus
| extern "C"
| #endif
| char wget_wch ();
| int
| main ()
| {
| return wget_wch ();
|   ;
|   return 0;
| }
configure:4376: result: no
configure:4383: error: ncurses library not found (or lacks wide character support)

## ---------------- ##
## Cache variables. ##
## ---------------- ##

ac_cv_c_compiler_gnu=yes
ac_cv_env_CC_set=
ac_cv_env_CC_value=
ac_cv_env_CFLAGS_set=
ac_cv_env_CFLAGS_value=
ac_cv_env_CPPFLAGS_set=
ac_cv_env_CPPFLAGS_value=
ac_cv_env_CPP_set=
ac_cv_env_CPP_value=
ac_cv_env_LDFLAGS_set=
ac_cv_env_LDFLAGS_value=
ac_cv_env_LIBS_set=
ac_cv_env_LIBS_value=
ac_cv_env_NCURSES_CFLAGS_set=
ac_cv_env_NCURSES_CFLAGS_value=
ac_cv_env_NCURSES_LIBS_set=
ac_cv_env_NCURSES_LIBS_value=
ac_cv_env_PKG_CONFIG_LIBDIR_set=
ac_cv_env_PKG_CONFIG_LIBDIR_value=
ac_cv_env_PKG_CONFIG_PATH_set=
ac_cv_env_PKG_CONFIG_PATH_value=
ac_cv_env_PKG_CONFIG_set=
ac_cv_env_PKG_CONFIG_value=
ac_cv_env_build_alias_set=
ac_cv_env_build_alias_value=
ac_cv_env_host_alias_set=
ac_cv_env_host_alias_value=
ac_cv_env_target_alias_set=
ac_cv_env_target_alias_value=
ac_cv_header_getopt_h=yes
ac_cv_header_inttypes_h=yes
ac_cv_header_memory_h=yes
ac_cv_header_ncursesw_curses_h=no
ac_cv_header_stdc=yes
ac_cv_header_stdint_h=yes
ac_cv_header_stdlib_h=yes
ac_cv_header_string_h=yes
ac_cv_header_strings_h=yes
ac_cv_header_sys_stat_h=yes
ac_cv_header_sys_types_h=yes
ac_cv_header_unistd_h=yes
ac_cv_objext=o
ac_cv_path_EGREP='/usr/bin/grep -E'
ac_cv_path_GREP=/usr/bin/grep
ac_cv_path_ac_pt_PKG_CONFIG=/usr/bin/pkg-config
ac_cv_path_install='/usr/bin/install -c'
ac_cv_path_mkdir=/usr/bin/mkdir
ac_cv_prog_AWK=mawk
ac_cv_prog_CPP='gcc -E'
ac_cv_prog_ac_ct_CC=gcc
ac_cv_prog_cc_c89=
ac_cv_prog_cc_g=yes
ac_cv_prog_make_make_set=yes
ac_cv_search_wget_wch=no
am_cv_CC_dependencies_compiler_type=gcc3
am_cv_make_support_nested_variables=yes
am_cv_prog_cc_c_o=yes

## ----------------- ##
## Output variables. ##
## ----------------- ##

ACLOCAL='${SHELL} /home/denis/.clean/fdupes-2.1.2/missing aclocal-1.15'
AMDEPBACKSLASH='\'
AMDEP_FALSE='#'
AMDEP_TRUE=''
AMTAR='$${TAR-tar}'
AM_BACKSLASH='\'
AM_DEFAULT_V='$(AM_DEFAULT_VERBOSITY)'
AM_DEFAULT_VERBOSITY='1'
AM_V='$(V)'
AUTOCONF='${SHELL} /home/denis/.clean/fdupes-2.1.2/missing autoconf'
AUTOHEADER='${SHELL} /home/denis/.clean/fdupes-2.1.2/missing autoheader'
AUTOMAKE='${SHELL} /home/denis/.clean/fdupes-2.1.2/missing automake-1.15'
AWK='mawk'
CC='gcc'
CCDEPMODE='depmode=gcc3'
CFLAGS='-g -O2'
CPP='gcc -E'
CPPFLAGS=''
CYGPATH_W='echo'
DEFS=''
DEPDIR='.deps'
ECHO_C=''
ECHO_N='-n'
ECHO_T=''
EGREP='/usr/bin/grep -E'
EXEEXT=''
GREP='/usr/bin/grep'
INSTALL_DATA='${INSTALL} -m 644'
INSTALL_PROGRAM='${INSTALL}'
INSTALL_SCRIPT='${INSTALL}'
INSTALL_STRIP_PROGRAM='$(install_sh) -c -s'
LDFLAGS=''
LIBOBJS=''
LIBS=''
LTLIBOBJS=''
MAKEINFO='${SHELL} /home/denis/.clean/fdupes-2.1.2/missing makeinfo'
MKDIR_P='/usr/bin/mkdir -p'
NCURSES_CFLAGS=''
NCURSES_LIBS=''
NO_NCURSES_FALSE=''
NO_NCURSES_TRUE=''
OBJEXT='o'
PACKAGE='fdupes'
PACKAGE_BUGREPORT=''
PACKAGE_NAME='fdupes'
PACKAGE_STRING='fdupes 2.1.2'
PACKAGE_TARNAME='fdupes'
PACKAGE_URL=''
PACKAGE_VERSION='2.1.2'
PATH_SEPARATOR=':'
PKG_CONFIG='/usr/bin/pkg-config'
PKG_CONFIG_LIBDIR=''
PKG_CONFIG_PATH=''
SET_MAKE=''
SHELL='/bin/bash'
STRIP=''
VERSION='2.1.2'
ac_ct_CC='gcc'
am__EXEEXT_FALSE=''
am__EXEEXT_TRUE=''
am__fastdepCC_FALSE='#'
am__fastdepCC_TRUE=''
am__include='include'
am__isrc=''
am__leading_dot='.'
am__nodep='_no'
am__quote=''
am__tar='$${TAR-tar} chof - "$$tardir"'
am__untar='$${TAR-tar} xf -'
bindir='${exec_prefix}/bin'
build_alias=''
datadir='${datarootdir}'
datarootdir='${prefix}/share'
docdir='${datarootdir}/doc/${PACKAGE_TARNAME}'
dvidir='${docdir}'
exec_prefix='NONE'
host_alias=''
htmldir='${docdir}'
includedir='${prefix}/include'
infodir='${datarootdir}/info'
install_sh='${SHELL} /home/denis/.clean/fdupes-2.1.2/install-sh'
libdir='${exec_prefix}/lib'
libexecdir='${exec_prefix}/libexec'
localedir='${datarootdir}/locale'
localstatedir='${prefix}/var'
mandir='${datarootdir}/man'
mkdir_p='$(MKDIR_P)'
oldincludedir='/usr/include'
pdfdir='${docdir}'
prefix='NONE'
program_transform_name='s,x,x,'
psdir='${docdir}'
runstatedir='${localstatedir}/run'
sbindir='${exec_prefix}/sbin'
sharedstatedir='${prefix}/com'
sysconfdir='${prefix}/etc'
target_alias=''

## ----------- ##
## confdefs.h. ##
## ----------- ##

/* confdefs.h */
#define PACKAGE_NAME "fdupes"
#define PACKAGE_TARNAME "fdupes"
#define PACKAGE_VERSION "2.1.2"
#define PACKAGE_STRING "fdupes 2.1.2"
#define PACKAGE_BUGREPORT ""
#define PACKAGE_URL ""
#define PACKAGE "fdupes"
#define VERSION "2.1.2"
#define STDC_HEADERS 1
#define HAVE_SYS_TYPES_H 1
#define HAVE_SYS_STAT_H 1
#define HAVE_STDLIB_H 1
#define HAVE_STRING_H 1
#define HAVE_MEMORY_H 1
#define HAVE_STRINGS_H 1
#define HAVE_INTTYPES_H 1
#define HAVE_STDINT_H 1
#define HAVE_UNISTD_H 1
#define HAVE_GETOPT_H 1

configure: exit 1
